<?xml version="1.0" encoding="UTF-8"?>
<!-- Generated by org.testng.reporters.JUnitReportReporter -->
<testsuite skipped="0" hostname="DESKTOP-9LRRM7S" name="org.run.Runner" tests="2" failures="0" timestamp="26 Jul 2022 11:55:35 GMT" time="93.106" errors="0">
  <testcase name="tc1" time="52.043" classname="org.run.Runner"/>
  <testcase name="tc2" time="41.063" classname="org.run.Runner"/>
</testsuite> <!-- org.run.Runner -->
